TN:
SF:src\modules\appointment\services\CreateAppointmetsService.ts
FN:42,__decorate
FN:42,__metadata
FN:42,__param
FN:42,__awaiter
FN:42,adopt
FN:42,fulfilled
FN:42,rejected
FN:42,step
FN:42,__generator
FN:42,sent
FN:42,g.<computed>
FN:42,verb
FN:42,step
FN:42,__importDefault
FN:14,CreateAppointmetsService
FN:19,CreateAppointmetsService.execute
FNF:16
FNH:14
FNDA:1,__decorate
FNDA:1,__metadata
FNDA:1,__param
FNDA:3,__awaiter
FNDA:5,adopt
FNDA:5,fulfilled
FNDA:0,rejected
FNDA:7,step
FNDA:3,__generator
FNDA:5,sent
FNDA:0,g.<computed>
FNDA:9,verb
FNDA:8,step
FNDA:1,__importDefault
FNDA:2,CreateAppointmetsService
FNDA:3,CreateAppointmetsService.execute
DA:1,1
DA:2,1
DA:3,1
DA:4,1
DA:5,1
DA:6,1
DA:7,1
DA:8,1
DA:9,1
DA:10,1
DA:11,1
DA:12,1
DA:13,1
DA:14,1
DA:15,2
DA:16,2
DA:17,2
DA:18,1
DA:19,1
DA:20,3
DA:21,3
DA:22,3
DA:23,3
DA:24,3
DA:25,3
DA:26,3
DA:27,3
DA:28,3
DA:29,3
DA:30,1
DA:31,1
DA:32,2
DA:33,2
DA:34,2
DA:35,2
DA:36,2
DA:37,3
DA:38,3
DA:39,3
DA:40,1
DA:41,1
DA:42,1
LF:42
LH:42
BRDA:42,0,0,1
BRDA:42,1,0,1
BRDA:42,2,0,0
BRDA:42,3,0,0
BRDA:42,4,0,0
BRDA:42,5,0,0
BRDA:42,6,0,1
BRDA:42,7,0,1
BRDA:42,8,0,1
BRDA:42,9,0,3
BRDA:42,10,0,5
BRDA:42,11,0,0
BRDA:42,12,0,3
BRDA:42,13,0,5
BRDA:42,14,0,4
BRDA:42,15,0,1
BRDA:42,16,0,7
BRDA:42,17,0,2
BRDA:42,18,0,5
BRDA:42,19,0,3
BRDA:42,20,0,5
BRDA:42,21,0,0
BRDA:42,22,0,9
BRDA:42,23,0,8
BRDA:42,24,0,8
BRDA:42,25,0,0
BRDA:42,26,0,16
BRDA:42,27,0,0
BRDA:42,28,0,0
BRDA:42,29,0,0
BRDA:42,30,0,0
BRDA:42,31,0,8
BRDA:42,32,0,8
BRDA:42,33,0,0
BRDA:42,34,0,5
BRDA:42,35,0,0
BRDA:42,36,0,3
BRDA:42,37,0,0
BRDA:42,38,0,2
BRDA:42,39,0,0
BRDA:42,40,0,0
BRDA:42,41,0,0
BRDA:42,42,0,0
BRDA:42,43,0,0
BRDA:42,44,0,8
BRDA:42,45,0,7
BRDA:42,46,0,1
BRDA:42,47,0,8
BRDA:42,48,0,3
BRDA:42,49,0,1
BRDA:42,50,0,2
BRDA:42,51,0,0
BRDA:42,52,0,1
BRDA:42,53,0,0
BRDA:13,54,0,1
BRDA:14,55,0,2
BRDA:19,56,0,3
BRDA:42,57,0,3
BRDA:42,58,0,8
BRDA:42,59,0,3
BRDA:42,60,0,0
BRDA:42,61,0,3
BRDA:29,62,0,1
BRDA:31,63,0,2
BRDA:42,64,0,0
BRDA:42,65,0,2
BRDA:42,66,0,0
BRF:67
BRH:43
end_of_record
TN:
SF:src\modules\appointment\services\ListProvidersDayAvailabilityService.ts
FN:60,__decorate
FN:60,__metadata
FN:60,__param
FN:60,__awaiter
FN:60,adopt
FN:60,fulfilled
FN:60,rejected
FN:60,step
FN:60,__generator
FN:60,sent
FN:60,g.<computed>
FN:60,verb
FN:60,step
FN:20,ListProvidersService
FN:25,ListProvidersService.execute
FNF:15
FNH:13
FNDA:1,__decorate
FNDA:1,__metadata
FNDA:1,__param
FNDA:1,__awaiter
FNDA:1,adopt
FNDA:1,fulfilled
FNDA:0,rejected
FNDA:2,step
FNDA:1,__generator
FNDA:1,sent
FNDA:0,g.<computed>
FNDA:3,verb
FNDA:2,step
FNDA:1,ListProvidersService
FNDA:1,ListProvidersService.execute
DA:1,1
DA:2,1
DA:3,1
DA:4,1
DA:5,1
DA:6,1
DA:7,1
DA:8,1
DA:9,1
DA:10,1
DA:11,1
DA:12,1
DA:13,1
DA:14,1
DA:15,1
DA:16,1
DA:17,1
DA:18,1
DA:19,1
DA:20,1
DA:21,1
DA:22,1
DA:23,1
DA:24,1
DA:25,1
DA:26,1
DA:27,1
DA:28,1
DA:29,1
DA:30,1
DA:31,1
DA:32,1
DA:33,1
DA:34,1
DA:35,1
DA:36,1
DA:37,1
DA:38,1
DA:39,1
DA:40,1
DA:41,1
DA:42,1
DA:43,1
DA:44,1
DA:45,1
DA:46,1
DA:47,1
DA:48,1
DA:49,10
DA:50,10
DA:51,10
DA:52,10
DA:53,10
DA:54,10
DA:55,10
DA:56,1
DA:57,1
DA:58,1
DA:59,1
DA:60,1
LF:60
LH:60
BRDA:60,0,0,1
BRDA:60,1,0,1
BRDA:60,2,0,0
BRDA:60,3,0,0
BRDA:60,4,0,0
BRDA:60,5,0,0
BRDA:60,6,0,1
BRDA:60,7,0,1
BRDA:60,8,0,1
BRDA:60,9,0,1
BRDA:60,10,0,1
BRDA:60,11,0,0
BRDA:60,12,0,1
BRDA:60,13,0,1
BRDA:60,14,0,0
BRDA:60,15,0,2
BRDA:60,16,0,1
BRDA:60,17,0,1
BRDA:60,18,0,1
BRDA:60,19,0,1
BRDA:60,20,0,0
BRDA:60,21,0,3
BRDA:60,22,0,2
BRDA:60,23,0,2
BRDA:60,24,0,0
BRDA:60,25,0,4
BRDA:60,26,0,0
BRDA:60,27,0,0
BRDA:60,28,0,0
BRDA:60,29,0,0
BRDA:60,30,0,2
BRDA:60,31,0,2
BRDA:60,32,0,0
BRDA:60,33,0,1
BRDA:60,34,0,0
BRDA:60,35,0,1
BRDA:60,36,0,0
BRDA:60,37,0,0
BRDA:60,38,0,0
BRDA:60,39,0,0
BRDA:60,40,0,0
BRDA:60,41,0,0
BRDA:60,42,0,2
BRDA:60,43,0,0
BRDA:60,44,0,2
BRDA:60,45,0,1
BRDA:60,46,0,0
BRDA:60,47,0,1
BRDA:60,48,0,0
BRDA:19,49,0,1
BRDA:20,50,0,1
BRDA:25,51,0,1
BRDA:60,52,0,1
BRDA:60,53,0,2
BRDA:31,54,0,1
BRDA:60,55,0,0
BRDA:60,56,0,1
BRDA:60,57,0,0
BRDA:45,58,0,10
BRDA:48,59,0,10
BRDA:50,60,0,19
BRF:61
BRH:36
end_of_record
TN:
SF:src\modules\appointment\services\ListProvidersMonthAvailabilityService.ts
FN:57,__decorate
FN:57,__metadata
FN:57,__param
FN:57,__awaiter
FN:57,adopt
FN:57,fulfilled
FN:57,rejected
FN:57,step
FN:57,__generator
FN:57,sent
FN:57,g.<computed>
FN:57,verb
FN:57,step
FN:19,ListProvidersService
FN:24,ListProvidersService.execute
FNF:15
FNH:13
FNDA:1,__decorate
FNDA:1,__metadata
FNDA:1,__param
FNDA:1,__awaiter
FNDA:1,adopt
FNDA:1,fulfilled
FNDA:0,rejected
FNDA:2,step
FNDA:1,__generator
FNDA:1,sent
FNDA:0,g.<computed>
FNDA:3,verb
FNDA:2,step
FNDA:1,ListProvidersService
FNDA:1,ListProvidersService.execute
DA:1,1
DA:2,1
DA:3,1
DA:4,1
DA:5,1
DA:6,1
DA:7,1
DA:8,1
DA:9,1
DA:10,1
DA:11,1
DA:12,1
DA:13,1
DA:14,1
DA:15,1
DA:16,1
DA:17,1
DA:18,1
DA:19,1
DA:20,1
DA:21,1
DA:22,1
DA:23,1
DA:24,1
DA:25,1
DA:26,1
DA:27,1
DA:28,1
DA:29,1
DA:30,1
DA:31,1
DA:32,1
DA:33,1
DA:34,1
DA:35,1
DA:36,1
DA:37,1
DA:38,1
DA:39,1
DA:40,1
DA:41,1
DA:42,1
DA:43,1
DA:44,1
DA:45,1
DA:46,31
DA:47,31
DA:48,31
DA:49,31
DA:50,31
DA:51,31
DA:52,31
DA:53,1
DA:54,1
DA:55,1
DA:56,1
DA:57,1
LF:57
LH:57
BRDA:57,0,0,1
BRDA:57,1,0,1
BRDA:57,2,0,0
BRDA:57,3,0,0
BRDA:57,4,0,0
BRDA:57,5,0,0
BRDA:57,6,0,1
BRDA:57,7,0,1
BRDA:57,8,0,1
BRDA:57,9,0,1
BRDA:57,10,0,1
BRDA:57,11,0,0
BRDA:57,12,0,1
BRDA:57,13,0,1
BRDA:57,14,0,0
BRDA:57,15,0,2
BRDA:57,16,0,1
BRDA:57,17,0,1
BRDA:57,18,0,1
BRDA:57,19,0,1
BRDA:57,20,0,0
BRDA:57,21,0,3
BRDA:57,22,0,2
BRDA:57,23,0,2
BRDA:57,24,0,0
BRDA:57,25,0,4
BRDA:57,26,0,0
BRDA:57,27,0,0
BRDA:57,28,0,0
BRDA:57,29,0,0
BRDA:57,30,0,2
BRDA:57,31,0,2
BRDA:57,32,0,0
BRDA:57,33,0,1
BRDA:57,34,0,0
BRDA:57,35,0,1
BRDA:57,36,0,0
BRDA:57,37,0,0
BRDA:57,38,0,0
BRDA:57,39,0,0
BRDA:57,40,0,0
BRDA:57,41,0,0
BRDA:57,42,0,2
BRDA:57,43,0,0
BRDA:57,44,0,2
BRDA:57,45,0,1
BRDA:57,46,0,0
BRDA:57,47,0,1
BRDA:57,48,0,0
BRDA:18,49,0,1
BRDA:19,50,0,1
BRDA:24,51,0,1
BRDA:57,52,0,1
BRDA:57,53,0,2
BRDA:29,54,0,1
BRDA:57,55,0,0
BRDA:57,56,0,1
BRDA:57,57,0,0
BRDA:43,58,0,31
BRDA:45,59,0,31
BRDA:47,60,0,310
BRF:61
BRH:36
end_of_record
TN:
SF:src\modules\appointment\services\ListProvidersService.ts
FN:27,__decorate
FN:27,__metadata
FN:27,__param
FN:27,__awaiter
FN:27,adopt
FN:27,fulfilled
FN:27,rejected
FN:27,step
FN:27,__generator
FN:27,sent
FN:27,g.<computed>
FN:27,verb
FN:27,step
FN:27,__importDefault
FN:12,ListProvidersService
FN:17,ListProvidersService.execute
FNF:16
FNH:14
FNDA:1,__decorate
FNDA:1,__metadata
FNDA:1,__param
FNDA:1,__awaiter
FNDA:1,adopt
FNDA:1,fulfilled
FNDA:0,rejected
FNDA:2,step
FNDA:1,__generator
FNDA:1,sent
FNDA:0,g.<computed>
FNDA:3,verb
FNDA:2,step
FNDA:1,__importDefault
FNDA:1,ListProvidersService
FNDA:1,ListProvidersService.execute
DA:1,1
DA:2,1
DA:3,1
DA:4,1
DA:5,1
DA:6,1
DA:7,1
DA:8,1
DA:9,1
DA:10,1
DA:11,1
DA:12,1
DA:13,1
DA:14,1
DA:15,1
DA:16,1
DA:17,1
DA:18,1
DA:19,1
DA:20,1
DA:21,1
DA:22,0
DA:23,0
DA:24,1
DA:25,1
DA:26,1
DA:27,1
LF:27
LH:25
BRDA:27,0,0,1
BRDA:27,1,0,1
BRDA:27,2,0,0
BRDA:27,3,0,0
BRDA:27,4,0,0
BRDA:27,5,0,0
BRDA:27,6,0,1
BRDA:27,7,0,1
BRDA:27,8,0,1
BRDA:27,9,0,1
BRDA:27,10,0,1
BRDA:27,11,0,0
BRDA:27,12,0,1
BRDA:27,13,0,1
BRDA:27,14,0,0
BRDA:27,15,0,2
BRDA:27,16,0,1
BRDA:27,17,0,1
BRDA:27,18,0,1
BRDA:27,19,0,1
BRDA:27,20,0,0
BRDA:27,21,0,3
BRDA:27,22,0,2
BRDA:27,23,0,2
BRDA:27,24,0,0
BRDA:27,25,0,4
BRDA:27,26,0,0
BRDA:27,27,0,0
BRDA:27,28,0,0
BRDA:27,29,0,0
BRDA:27,30,0,2
BRDA:27,31,0,2
BRDA:27,32,0,0
BRDA:27,33,0,1
BRDA:27,34,0,0
BRDA:27,35,0,1
BRDA:27,36,0,0
BRDA:27,37,0,0
BRDA:27,38,0,0
BRDA:27,39,0,0
BRDA:27,40,0,0
BRDA:27,41,0,0
BRDA:27,42,0,2
BRDA:27,43,0,0
BRDA:27,44,0,2
BRDA:27,45,0,1
BRDA:27,46,0,0
BRDA:27,47,0,1
BRDA:27,48,0,0
BRDA:27,49,0,1
BRDA:27,50,0,0
BRDA:11,51,0,1
BRDA:12,52,0,1
BRDA:17,53,0,1
BRDA:27,54,0,1
BRDA:27,55,0,2
BRDA:18,56,0,1
BRDA:27,57,0,0
BRDA:27,58,0,1
BRDA:21,59,0,0
BRDA:27,60,0,0
BRF:61
BRH:34
end_of_record
TN:
SF:src\modules\users\services\CreateSessionService.ts
FN:52,__decorate
FN:52,__metadata
FN:52,__param
FN:52,__awaiter
FN:52,adopt
FN:52,fulfilled
FN:52,rejected
FN:52,step
FN:52,__generator
FN:52,sent
FN:52,g.<computed>
FN:52,verb
FN:52,step
FN:52,__importDefault
FN:20,CreateSessionService
FN:27,CreateSessionService.execute
FNF:16
FNH:14
FNDA:1,__decorate
FNDA:1,__metadata
FNDA:2,__param
FNDA:3,__awaiter
FNDA:5,adopt
FNDA:5,fulfilled
FNDA:0,rejected
FNDA:6,step
FNDA:3,__generator
FNDA:5,sent
FNDA:0,g.<computed>
FNDA:9,verb
FNDA:8,step
FNDA:2,__importDefault
FNDA:3,CreateSessionService
FNDA:3,CreateSessionService.execute
DA:1,1
DA:2,1
DA:3,1
DA:4,1
DA:5,1
DA:6,1
DA:7,1
DA:8,1
DA:9,1
DA:10,1
DA:11,1
DA:12,1
DA:13,1
DA:14,1
DA:15,1
DA:16,1
DA:17,1
DA:18,1
DA:19,1
DA:20,1
DA:21,3
DA:22,3
DA:23,3
DA:24,3
DA:25,3
DA:26,1
DA:27,1
DA:28,3
DA:29,3
DA:30,1
DA:31,1
DA:32,2
DA:33,2
DA:34,2
DA:35,2
DA:36,2
DA:37,3
DA:38,3
DA:39,1
DA:40,1
DA:41,1
DA:42,1
DA:43,1
DA:44,1
DA:45,1
DA:46,1
DA:47,1
DA:48,1
DA:49,3
DA:50,1
DA:51,1
DA:52,1
LF:52
LH:52
BRDA:52,0,0,1
BRDA:52,1,0,1
BRDA:52,2,0,0
BRDA:52,3,0,0
BRDA:52,4,0,0
BRDA:52,5,0,0
BRDA:52,6,0,1
BRDA:52,7,0,2
BRDA:52,8,0,2
BRDA:52,9,0,3
BRDA:52,10,0,5
BRDA:52,11,0,0
BRDA:52,12,0,3
BRDA:52,13,0,5
BRDA:52,14,0,3
BRDA:52,15,0,2
BRDA:52,16,0,6
BRDA:52,17,0,1
BRDA:52,18,0,5
BRDA:52,19,0,3
BRDA:52,20,0,5
BRDA:52,21,0,0
BRDA:52,22,0,9
BRDA:52,23,0,8
BRDA:52,24,0,8
BRDA:52,25,0,0
BRDA:52,26,0,16
BRDA:52,27,0,0
BRDA:52,28,0,0
BRDA:52,29,0,0
BRDA:52,30,0,0
BRDA:52,31,0,8
BRDA:52,32,0,8
BRDA:52,33,0,0
BRDA:52,34,0,5
BRDA:52,35,0,0
BRDA:52,36,0,3
BRDA:52,37,0,0
BRDA:52,38,0,1
BRDA:52,39,0,0
BRDA:52,40,0,0
BRDA:52,41,0,0
BRDA:52,42,0,0
BRDA:52,43,0,0
BRDA:52,44,0,8
BRDA:52,45,0,6
BRDA:52,46,0,2
BRDA:52,47,0,8
BRDA:52,48,0,3
BRDA:52,49,0,2
BRDA:52,50,0,1
BRDA:52,51,0,0
BRDA:52,52,0,2
BRDA:52,53,0,0
BRDA:19,54,0,1
BRDA:20,55,0,3
BRDA:27,56,0,3
BRDA:52,57,0,3
BRDA:52,58,0,8
BRDA:28,59,0,3
BRDA:52,60,0,0
BRDA:52,61,0,3
BRDA:29,62,0,1
BRDA:31,63,0,2
BRDA:52,64,0,0
BRDA:52,65,0,2
BRDA:38,66,0,1
BRDA:52,67,0,0
BRF:68
BRH:44
end_of_record
TN:
SF:src\modules\users\services\CreateUserSevice.ts
FN:39,__decorate
FN:39,__metadata
FN:39,__param
FN:39,__awaiter
FN:39,adopt
FN:39,fulfilled
FN:39,rejected
FN:39,step
FN:39,__generator
FN:39,sent
FN:39,g.<computed>
FN:39,verb
FN:39,step
FN:39,__importDefault
FN:11,CreateUserSevice
FN:18,CreateUserSevice.execute
FNF:16
FNH:14
FNDA:3,__decorate
FNDA:3,__metadata
FNDA:6,__param
FNDA:7,__awaiter
FNDA:19,adopt
FNDA:19,fulfilled
FNDA:0,rejected
FNDA:25,step
FNDA:7,__generator
FNDA:19,sent
FNDA:0,g.<computed>
FNDA:21,verb
FNDA:26,step
FNDA:3,__importDefault
FNDA:8,CreateUserSevice
FNDA:7,CreateUserSevice.execute
DA:1,1
DA:2,1
DA:3,1
DA:4,1
DA:5,1
DA:6,1
DA:7,1
DA:8,1
DA:9,1
DA:10,3
DA:11,3
DA:12,8
DA:13,8
DA:14,8
DA:15,8
DA:16,8
DA:17,3
DA:18,3
DA:19,7
DA:20,7
DA:21,7
DA:22,7
DA:23,7
DA:24,7
DA:25,1
DA:26,1
DA:27,6
DA:28,7
DA:29,7
DA:30,7
DA:31,7
DA:32,7
DA:33,7
DA:34,7
DA:35,7
DA:36,7
DA:37,7
DA:38,3
DA:39,1
LF:39
LH:39
BRDA:39,0,0,3
BRDA:39,1,0,3
BRDA:39,2,0,0
BRDA:39,3,0,0
BRDA:39,4,0,0
BRDA:39,5,0,0
BRDA:39,6,0,3
BRDA:39,7,0,6
BRDA:39,8,0,6
BRDA:39,9,0,7
BRDA:39,10,0,19
BRDA:39,11,0,0
BRDA:39,12,0,7
BRDA:39,13,0,19
BRDA:39,14,0,18
BRDA:39,15,0,1
BRDA:39,16,0,25
BRDA:39,17,0,6
BRDA:39,18,0,19
BRDA:39,19,0,7
BRDA:39,20,0,19
BRDA:39,21,0,0
BRDA:39,22,0,21
BRDA:39,23,0,26
BRDA:39,24,0,26
BRDA:39,25,0,0
BRDA:39,26,0,52
BRDA:39,27,0,0
BRDA:39,28,0,0
BRDA:39,29,0,0
BRDA:39,30,0,0
BRDA:39,31,0,26
BRDA:39,32,0,26
BRDA:39,33,0,0
BRDA:39,34,0,19
BRDA:39,35,0,0
BRDA:39,36,0,7
BRDA:39,37,0,0
BRDA:39,38,0,6
BRDA:39,39,0,0
BRDA:39,40,0,0
BRDA:39,41,0,0
BRDA:39,42,0,0
BRDA:39,43,0,0
BRDA:39,44,0,36
BRDA:39,45,0,26
BRDA:39,46,0,25
BRDA:39,47,0,1
BRDA:39,48,0,26
BRDA:39,49,0,7
BRDA:39,50,0,1
BRDA:39,51,0,6
BRDA:39,52,0,0
BRDA:39,53,0,3
BRDA:39,54,0,0
BRDA:10,55,0,3
BRDA:11,56,0,8
BRDA:18,57,0,7
BRDA:39,58,0,7
BRDA:39,59,0,26
BRDA:23,60,0,7
BRDA:39,61,0,0
BRDA:39,62,0,7
BRDA:24,63,0,1
BRDA:26,64,0,6
BRDA:39,65,0,0
BRDA:39,66,0,6
BRDA:39,67,0,0
BRDA:39,68,0,6
BRDA:39,69,0,0
BRF:70
BRH:45
end_of_record
TN:
SF:src\modules\users\services\ResetPasswordService.ts
FN:46,__decorate
FN:46,__metadata
FN:46,__param
FN:46,__awaiter
FN:46,adopt
FN:46,fulfilled
FN:46,rejected
FN:46,step
FN:46,__generator
FN:46,sent
FN:46,g.<computed>
FN:46,verb
FN:46,step
FN:46,__importDefault
FN:16,SendForgotPasswordEmail
FN:27,SendForgotPasswordEmail.execute
FNF:16
FNH:14
FNDA:1,__decorate
FNDA:1,__metadata
FNDA:3,__param
FNDA:4,__awaiter
FNDA:9,adopt
FNDA:9,fulfilled
FNDA:0,rejected
FNDA:10,step
FNDA:4,__generator
FNDA:9,sent
FNDA:0,g.<computed>
FNDA:12,verb
FNDA:13,step
FNDA:1,__importDefault
FNDA:4,SendForgotPasswordEmail
FNDA:4,SendForgotPasswordEmail.execute
DA:1,1
DA:2,1
DA:3,1
DA:4,1
DA:5,1
DA:6,1
DA:7,1
DA:8,1
DA:9,1
DA:10,1
DA:11,1
DA:12,1
DA:13,1
DA:14,1
DA:15,1
DA:16,1
DA:17,4
DA:18,4
DA:19,4
DA:20,4
DA:21,4
DA:22,4
DA:23,4
DA:24,4
DA:25,4
DA:26,1
DA:27,1
DA:28,4
DA:29,4
DA:30,1
DA:31,1
DA:32,3
DA:33,4
DA:34,1
DA:35,1
DA:36,2
DA:37,2
DA:38,2
DA:39,4
DA:40,1
DA:41,1
DA:42,1
DA:43,4
DA:44,4
DA:45,1
DA:46,1
LF:46
LH:46
BRDA:46,0,0,1
BRDA:46,1,0,1
BRDA:46,2,0,0
BRDA:46,3,0,0
BRDA:46,4,0,0
BRDA:46,5,0,0
BRDA:46,6,0,1
BRDA:46,7,0,3
BRDA:46,8,0,3
BRDA:46,9,0,4
BRDA:46,10,0,9
BRDA:46,11,0,0
BRDA:46,12,0,4
BRDA:46,13,0,9
BRDA:46,14,0,6
BRDA:46,15,0,3
BRDA:46,16,0,10
BRDA:46,17,0,1
BRDA:46,18,0,9
BRDA:46,19,0,4
BRDA:46,20,0,9
BRDA:46,21,0,0
BRDA:46,22,0,12
BRDA:46,23,0,13
BRDA:46,24,0,13
BRDA:46,25,0,0
BRDA:46,26,0,26
BRDA:46,27,0,0
BRDA:46,28,0,0
BRDA:46,29,0,0
BRDA:46,30,0,0
BRDA:46,31,0,13
BRDA:46,32,0,13
BRDA:46,33,0,0
BRDA:46,34,0,9
BRDA:46,35,0,0
BRDA:46,36,0,4
BRDA:46,37,0,0
BRDA:46,38,0,1
BRDA:46,39,0,0
BRDA:46,40,0,0
BRDA:46,41,0,0
BRDA:46,42,0,0
BRDA:46,43,0,0
BRDA:46,44,0,13
BRDA:46,45,0,10
BRDA:46,46,0,3
BRDA:46,47,0,13
BRDA:46,48,0,4
BRDA:46,49,0,3
BRDA:46,50,0,1
BRDA:46,51,0,0
BRDA:46,52,0,1
BRDA:46,53,0,0
BRDA:15,54,0,1
BRDA:16,55,0,4
BRDA:27,56,0,4
BRDA:46,57,0,4
BRDA:46,58,0,13
BRDA:28,59,0,4
BRDA:46,60,0,0
BRDA:46,61,0,4
BRDA:29,62,0,1
BRDA:31,63,0,3
BRDA:46,64,0,0
BRDA:46,65,0,3
BRDA:33,66,0,1
BRDA:35,67,0,2
BRDA:39,68,0,1
BRDA:46,69,0,0
BRDA:46,70,0,1
BRDA:46,71,0,0
BRDA:46,72,0,1
BRDA:46,73,0,0
BRF:74
BRH:48
end_of_record
TN:
SF:src\modules\users\services\SendForgotPasswordEmail.ts
FN:56,__decorate
FN:56,__metadata
FN:56,__param
FN:56,__awaiter
FN:56,adopt
FN:56,fulfilled
FN:56,rejected
FN:56,step
FN:56,__generator
FN:56,sent
FN:56,g.<computed>
FN:56,verb
FN:56,step
FN:56,__importDefault
FN:15,SendForgotPasswordEmail
FN:26,SendForgotPasswordEmail.execute
FNF:16
FNH:14
FNDA:1,__decorate
FNDA:1,__metadata
FNDA:3,__param
FNDA:3,__awaiter
FNDA:7,adopt
FNDA:7,fulfilled
FNDA:0,rejected
FNDA:9,step
FNDA:3,__generator
FNDA:7,sent
FNDA:0,g.<computed>
FNDA:9,verb
FNDA:10,step
FNDA:2,__importDefault
FNDA:3,SendForgotPasswordEmail
FNDA:3,SendForgotPasswordEmail.execute
DA:1,1
DA:2,1
DA:3,1
DA:4,1
DA:5,1
DA:6,1
DA:7,1
DA:8,1
DA:9,1
DA:10,1
DA:11,1
DA:12,1
DA:13,1
DA:14,1
DA:15,1
DA:16,3
DA:17,3
DA:18,3
DA:19,3
DA:20,3
DA:21,3
DA:22,3
DA:23,3
DA:24,3
DA:25,1
DA:26,1
DA:27,3
DA:28,3
DA:29,3
DA:30,1
DA:31,1
DA:32,2
DA:33,2
DA:34,3
DA:35,3
DA:36,3
DA:37,3
DA:38,3
DA:39,3
DA:40,3
DA:41,3
DA:42,3
DA:43,3
DA:44,3
DA:45,3
DA:46,3
DA:47,3
DA:48,3
DA:49,3
DA:50,3
DA:51,3
DA:52,3
DA:53,3
DA:54,3
DA:55,1
DA:56,1
LF:56
LH:56
BRDA:56,0,0,1
BRDA:56,1,0,1
BRDA:56,2,0,0
BRDA:56,3,0,0
BRDA:56,4,0,0
BRDA:56,5,0,0
BRDA:56,6,0,1
BRDA:56,7,0,3
BRDA:56,8,0,3
BRDA:56,9,0,3
BRDA:56,10,0,7
BRDA:56,11,0,0
BRDA:56,12,0,3
BRDA:56,13,0,7
BRDA:56,14,0,6
BRDA:56,15,0,1
BRDA:56,16,0,9
BRDA:56,17,0,2
BRDA:56,18,0,7
BRDA:56,19,0,3
BRDA:56,20,0,7
BRDA:56,21,0,0
BRDA:56,22,0,9
BRDA:56,23,0,10
BRDA:56,24,0,10
BRDA:56,25,0,0
BRDA:56,26,0,20
BRDA:56,27,0,0
BRDA:56,28,0,0
BRDA:56,29,0,0
BRDA:56,30,0,0
BRDA:56,31,0,10
BRDA:56,32,0,10
BRDA:56,33,0,0
BRDA:56,34,0,7
BRDA:56,35,0,0
BRDA:56,36,0,3
BRDA:56,37,0,0
BRDA:56,38,0,2
BRDA:56,39,0,0
BRDA:56,40,0,0
BRDA:56,41,0,0
BRDA:56,42,0,0
BRDA:56,43,0,0
BRDA:56,44,0,10
BRDA:56,45,0,9
BRDA:56,46,0,1
BRDA:56,47,0,10
BRDA:56,48,0,3
BRDA:56,49,0,1
BRDA:56,50,0,2
BRDA:56,51,0,0
BRDA:56,52,0,2
BRDA:56,53,0,1
BRDA:56,54,0,1
BRDA:14,55,0,1
BRDA:15,56,0,3
BRDA:26,57,0,3
BRDA:56,58,0,3
BRDA:56,59,0,10
BRDA:27,60,0,3
BRDA:56,61,0,0
BRDA:56,62,0,3
BRDA:29,63,0,1
BRDA:31,64,0,2
BRDA:56,65,0,0
BRDA:56,66,0,2
BRDA:56,67,0,0
BRDA:56,68,0,2
BRDA:56,69,0,0
BRF:70
BRH:46
end_of_record
TN:
SF:src\modules\users\services\ShowProfileService.ts
FN:25,__decorate
FN:25,__metadata
FN:25,__param
FN:25,__awaiter
FN:25,adopt
FN:25,fulfilled
FN:25,rejected
FN:25,step
FN:25,__generator
FN:25,sent
FN:25,g.<computed>
FN:25,verb
FN:25,step
FN:25,__importDefault
FN:12,ShowProfileService
FN:17,ShowProfileService.execute
FNF:16
FNH:14
FNDA:1,__decorate
FNDA:1,__metadata
FNDA:1,__param
FNDA:2,__awaiter
FNDA:2,adopt
FNDA:2,fulfilled
FNDA:0,rejected
FNDA:3,step
FNDA:2,__generator
FNDA:2,sent
FNDA:0,g.<computed>
FNDA:6,verb
FNDA:4,step
FNDA:1,__importDefault
FNDA:2,ShowProfileService
FNDA:2,ShowProfileService.execute
DA:1,1
DA:2,1
DA:3,1
DA:4,1
DA:5,1
DA:6,1
DA:7,1
DA:8,1
DA:9,1
DA:10,1
DA:11,1
DA:12,1
DA:13,2
DA:14,2
DA:15,2
DA:16,1
DA:17,1
DA:18,2
DA:19,2
DA:20,1
DA:21,1
DA:22,1
DA:23,2
DA:24,1
DA:25,1
LF:25
LH:25
BRDA:25,0,0,1
BRDA:25,1,0,1
BRDA:25,2,0,0
BRDA:25,3,0,0
BRDA:25,4,0,0
BRDA:25,5,0,0
BRDA:25,6,0,1
BRDA:25,7,0,1
BRDA:25,8,0,1
BRDA:25,9,0,2
BRDA:25,10,0,2
BRDA:25,11,0,0
BRDA:25,12,0,2
BRDA:25,13,0,2
BRDA:25,14,0,1
BRDA:25,15,0,3
BRDA:25,16,0,1
BRDA:25,17,0,2
BRDA:25,18,0,2
BRDA:25,19,0,2
BRDA:25,20,0,0
BRDA:25,21,0,6
BRDA:25,22,0,4
BRDA:25,23,0,4
BRDA:25,24,0,0
BRDA:25,25,0,8
BRDA:25,26,0,0
BRDA:25,27,0,0
BRDA:25,28,0,0
BRDA:25,29,0,0
BRDA:25,30,0,4
BRDA:25,31,0,4
BRDA:25,32,0,0
BRDA:25,33,0,2
BRDA:25,34,0,0
BRDA:25,35,0,2
BRDA:25,36,0,0
BRDA:25,37,0,1
BRDA:25,38,0,0
BRDA:25,39,0,0
BRDA:25,40,0,0
BRDA:25,41,0,0
BRDA:25,42,0,0
BRDA:25,43,0,4
BRDA:25,44,0,3
BRDA:25,45,0,1
BRDA:25,46,0,4
BRDA:25,47,0,2
BRDA:25,48,0,1
BRDA:25,49,0,0
BRDA:25,50,0,1
BRDA:25,51,0,0
BRDA:11,52,0,1
BRDA:12,53,0,2
BRDA:17,54,0,2
BRDA:25,55,0,2
BRDA:25,56,0,4
BRDA:18,57,0,2
BRDA:25,58,0,0
BRDA:25,59,0,2
BRDA:19,60,0,1
BRDA:25,61,0,0
BRF:62
BRH:39
end_of_record
TN:
SF:src\modules\users\services\UpdateAvatarInUsers.ts
FN:39,__decorate
FN:39,__metadata
FN:39,__param
FN:39,__awaiter
FN:39,adopt
FN:39,fulfilled
FN:39,rejected
FN:39,step
FN:39,__generator
FN:39,sent
FN:39,g.<computed>
FN:39,verb
FN:39,step
FN:39,__importDefault
FN:14,UpdateAvatarInUsers
FN:21,UpdateAvatarInUsers.execute
FNF:16
FNH:14
FNDA:1,__decorate
FNDA:1,__metadata
FNDA:2,__param
FNDA:4,__awaiter
FNDA:11,adopt
FNDA:11,fulfilled
FNDA:0,rejected
FNDA:14,step
FNDA:4,__generator
FNDA:11,sent
FNDA:0,g.<computed>
FNDA:12,verb
FNDA:15,step
FNDA:1,__importDefault
FNDA:3,UpdateAvatarInUsers
FNDA:4,UpdateAvatarInUsers.execute
DA:1,1
DA:2,1
DA:3,1
DA:4,1
DA:5,1
DA:6,1
DA:7,1
DA:8,1
DA:9,1
DA:10,1
DA:11,1
DA:12,1
DA:13,1
DA:14,1
DA:15,3
DA:16,3
DA:17,3
DA:18,3
DA:19,3
DA:20,1
DA:21,1
DA:22,4
DA:23,4
DA:24,4
DA:25,1
DA:26,1
DA:27,3
DA:28,3
DA:29,1
DA:30,4
DA:31,4
DA:32,4
DA:33,4
DA:34,4
DA:35,4
DA:36,4
DA:37,4
DA:38,1
DA:39,1
LF:39
LH:39
BRDA:39,0,0,1
BRDA:39,1,0,1
BRDA:39,2,0,0
BRDA:39,3,0,0
BRDA:39,4,0,0
BRDA:39,5,0,0
BRDA:39,6,0,1
BRDA:39,7,0,2
BRDA:39,8,0,2
BRDA:39,9,0,4
BRDA:39,10,0,11
BRDA:39,11,0,0
BRDA:39,12,0,4
BRDA:39,13,0,11
BRDA:39,14,0,10
BRDA:39,15,0,1
BRDA:39,16,0,14
BRDA:39,17,0,3
BRDA:39,18,0,11
BRDA:39,19,0,4
BRDA:39,20,0,11
BRDA:39,21,0,0
BRDA:39,22,0,12
BRDA:39,23,0,15
BRDA:39,24,0,15
BRDA:39,25,0,0
BRDA:39,26,0,32
BRDA:39,27,0,0
BRDA:39,28,0,0
BRDA:39,29,0,0
BRDA:39,30,0,0
BRDA:39,31,0,15
BRDA:39,32,0,15
BRDA:39,33,0,0
BRDA:39,34,0,11
BRDA:39,35,0,0
BRDA:39,36,0,6
BRDA:39,37,0,0
BRDA:39,38,0,5
BRDA:39,39,0,4
BRDA:39,40,0,2
BRDA:39,41,0,0
BRDA:39,42,0,2
BRDA:39,43,0,0
BRDA:39,44,0,0
BRDA:39,45,0,0
BRDA:39,46,0,0
BRDA:39,47,0,17
BRDA:39,48,0,16
BRDA:39,49,0,1
BRDA:39,50,0,17
BRDA:39,51,0,4
BRDA:39,52,0,1
BRDA:39,53,0,3
BRDA:39,54,0,0
BRDA:39,55,0,1
BRDA:39,56,0,0
BRDA:13,57,0,1
BRDA:14,58,0,3
BRDA:21,59,0,4
BRDA:39,60,0,4
BRDA:39,61,0,17
BRDA:22,62,0,4
BRDA:39,63,0,0
BRDA:39,64,0,4
BRDA:24,65,0,1
BRDA:26,66,0,3
BRDA:28,67,0,2
BRDA:28,68,0,1
BRDA:39,69,0,0
BRDA:39,70,0,1
BRDA:31,71,0,3
BRDA:39,72,0,0
BRDA:39,73,0,3
BRDA:39,74,0,0
BRDA:39,75,0,3
BRDA:39,76,0,0
BRF:77
BRH:51
end_of_record
TN:
SF:src\modules\users\services\UpdateProfileService.ts
FN:67,__decorate
FN:67,__metadata
FN:67,__param
FN:67,__awaiter
FN:67,adopt
FN:67,fulfilled
FN:67,rejected
FN:67,step
FN:67,__generator
FN:67,sent
FN:67,g.<computed>
FN:67,verb
FN:67,step
FN:67,__importDefault
FN:17,UpdateAvatarInUsers
FN:24,UpdateAvatarInUsers.execute
FNF:16
FNH:14
FNDA:1,__decorate
FNDA:1,__metadata
FNDA:2,__param
FNDA:6,__awaiter
FNDA:14,adopt
FNDA:14,fulfilled
FNDA:0,rejected
FNDA:16,step
FNDA:6,__generator
FNDA:14,sent
FNDA:0,g.<computed>
FNDA:18,verb
FNDA:20,step
FNDA:1,__importDefault
FNDA:6,UpdateAvatarInUsers
FNDA:6,UpdateAvatarInUsers.execute
DA:1,1
DA:2,1
DA:3,1
DA:4,1
DA:5,1
DA:6,1
DA:7,1
DA:8,1
DA:9,1
DA:10,1
DA:11,1
DA:12,1
DA:13,1
DA:14,1
DA:15,1
DA:16,1
DA:17,1
DA:18,6
DA:19,6
DA:20,6
DA:21,6
DA:22,6
DA:23,1
DA:24,1
DA:25,6
DA:26,6
DA:27,6
DA:28,6
DA:29,6
DA:30,6
DA:31,6
DA:32,6
DA:33,6
DA:34,1
DA:35,1
DA:36,5
DA:37,5
DA:38,6
DA:39,6
DA:40,1
DA:41,1
DA:42,4
DA:43,4
DA:44,4
DA:45,4
DA:46,6
DA:47,1
DA:48,1
DA:49,1
DA:50,1
DA:51,3
DA:52,6
DA:53,2
DA:54,2
DA:55,2
DA:56,2
DA:57,6
DA:58,6
DA:59,1
DA:60,1
DA:61,1
DA:62,6
DA:63,6
DA:64,6
DA:65,6
DA:66,1
DA:67,1
LF:67
LH:67
BRDA:67,0,0,1
BRDA:67,1,0,1
BRDA:67,2,0,0
BRDA:67,3,0,0
BRDA:67,4,0,0
BRDA:67,5,0,0
BRDA:67,6,0,1
BRDA:67,7,0,2
BRDA:67,8,0,2
BRDA:67,9,0,6
BRDA:67,10,0,14
BRDA:67,11,0,0
BRDA:67,12,0,6
BRDA:67,13,0,14
BRDA:67,14,0,10
BRDA:67,15,0,4
BRDA:67,16,0,16
BRDA:67,17,0,2
BRDA:67,18,0,14
BRDA:67,19,0,6
BRDA:67,20,0,14
BRDA:67,21,0,0
BRDA:67,22,0,18
BRDA:67,23,0,20
BRDA:67,24,0,20
BRDA:67,25,0,0
BRDA:67,26,0,41
BRDA:67,27,0,0
BRDA:67,28,0,0
BRDA:67,29,0,0
BRDA:67,30,0,0
BRDA:67,31,0,20
BRDA:67,32,0,20
BRDA:67,33,0,0
BRDA:67,34,0,14
BRDA:67,35,0,0
BRDA:67,36,0,7
BRDA:67,37,0,0
BRDA:67,38,0,3
BRDA:67,39,0,6
BRDA:67,40,0,1
BRDA:67,41,0,0
BRDA:67,42,0,1
BRDA:67,43,0,0
BRDA:67,44,0,0
BRDA:67,45,0,0
BRDA:67,46,0,0
BRDA:67,47,0,21
BRDA:67,48,0,17
BRDA:67,49,0,4
BRDA:67,50,0,21
BRDA:67,51,0,6
BRDA:67,52,0,4
BRDA:67,53,0,2
BRDA:67,54,0,0
BRDA:67,55,0,1
BRDA:67,56,0,0
BRDA:16,57,0,1
BRDA:17,58,0,6
BRDA:24,59,0,6
BRDA:67,60,0,6
BRDA:67,61,0,21
BRDA:31,62,0,6
BRDA:67,63,0,0
BRDA:67,64,0,6
BRDA:33,65,0,1
BRDA:35,66,0,5
BRDA:67,67,0,0
BRDA:67,68,0,5
BRDA:39,69,0,2
BRDA:39,70,0,1
BRDA:41,71,0,4
BRDA:46,72,0,3
BRDA:46,73,0,1
BRDA:50,74,0,3
BRDA:52,75,0,2
BRDA:52,76,0,1
BRDA:52,77,0,2
BRDA:67,78,0,0
BRDA:67,79,0,2
BRDA:58,80,0,1
BRDA:67,81,0,0
BRDA:67,82,0,1
BRDA:64,83,0,2
BRDA:67,84,0,0
BRF:85
BRH:59
end_of_record
